[debug] [2023-06-01T01:18:45.351Z] ----------------------------------------------------------------------
[debug] [2023-06-01T01:18:45.357Z] Command:       /opt/homebrew/Cellar/node/19.0.1/bin/node /opt/homebrew/bin/firebase ext:dev:upload armjld/firebase-paymob-extension
[debug] [2023-06-01T01:18:45.358Z] CLI Version:   12.2.1
[debug] [2023-06-01T01:18:45.358Z] Platform:      darwin
[debug] [2023-06-01T01:18:45.358Z] Node Version:  v19.0.1
[debug] [2023-06-01T01:18:45.358Z] Time:          Thu Jun 01 2023 03:18:45 GMT+0200 (Eastern European Standard Time)
[debug] [2023-06-01T01:18:45.358Z] ----------------------------------------------------------------------
[debug] 
[debug] [2023-06-01T01:18:45.360Z] > command requires scopes: ["email","openid","https://www.googleapis.com/auth/cloudplatformprojects.readonly","https://www.googleapis.com/auth/firebase","https://www.googleapis.com/auth/cloud-platform"]
[debug] [2023-06-01T01:18:45.361Z] > authorizing via signed-in user (armjldtrainer@gmail.com)
[debug] [2023-06-01T01:18:45.363Z] >>> [apiv2][query] GET https://firebaseextensionspublisher.googleapis.com/v1beta/projects/-/publisherProfile publisherId=armjld
[debug] [2023-06-01T01:18:46.403Z] <<< [apiv2][status] GET https://firebaseextensionspublisher.googleapis.com/v1beta/projects/-/publisherProfile 200
[debug] [2023-06-01T01:18:46.403Z] <<< [apiv2][body] GET https://firebaseextensionspublisher.googleapis.com/v1beta/projects/-/publisherProfile {"name":"projects/302049479364/publisherProfile","publisherId":"armjld","registerTime":"2023-05-31T01:54:22.115895Z","displayName":"Armjld","state":"ACTIVE"}
[debug] [2023-06-01T01:18:46.403Z] >>> [apiv2][query] GET https://firebase.googleapis.com/v1beta1/projects/302049479364 [none]
[debug] [2023-06-01T01:18:46.817Z] <<< [apiv2][status] GET https://firebase.googleapis.com/v1beta1/projects/302049479364 200
[debug] [2023-06-01T01:18:46.817Z] <<< [apiv2][body] GET https://firebase.googleapis.com/v1beta1/projects/302049479364 {"projectId":"armjld","projectNumber":"302049479364","displayName":"armjld","name":"projects/armjld","resources":{"hostingSite":"armjld"},"state":"ACTIVE","etag":"1_5fe2c52c-6db8-47c8-a6a5-e21c98dfeb71"}
[debug] [2023-06-01T01:18:46.817Z] Checking if latest publisher TOS has been accepted by 302049479364...
[debug] [2023-06-01T01:18:46.818Z] >>> [apiv2][query] GET https://firebaseextensionstos-pa.googleapis.com/v1/projects/302049479364/publishertos [none]
[debug] [2023-06-01T01:18:47.774Z] <<< [apiv2][status] GET https://firebaseextensionstos-pa.googleapis.com/v1/projects/302049479364/publishertos 200
[debug] [2023-06-01T01:18:47.774Z] <<< [apiv2][body] GET https://firebaseextensionstos-pa.googleapis.com/v1/projects/302049479364/publishertos {"name":"projects/302049479364/publishertos","lastAcceptedVersion":"v1","lastAcceptedTime":"2023-05-31T05:19:25.645779Z","latestTosVersion":"v1"}
[debug] [2023-06-01T01:18:47.775Z] Already accepted version v1 of Extensions publisher TOS.
[debug] [2023-06-01T01:18:47.777Z] >>> [apiv2][query] GET https://firebaseextensionspublisher.googleapis.com/v1beta/publishers/armjld/extensions/firebase-paymob-extension [none]
[debug] [2023-06-01T01:18:47.996Z] <<< [apiv2][status] GET https://firebaseextensionspublisher.googleapis.com/v1beta/publishers/armjld/extensions/firebase-paymob-extension 200
[debug] [2023-06-01T01:18:47.997Z] <<< [apiv2][body] GET https://firebaseextensionspublisher.googleapis.com/v1beta/publishers/armjld/extensions/firebase-paymob-extension {"name":"publishers/armjld/extensions/firebase-paymob-extension","ref":"armjld/firebase-paymob-extension","state":"PUBLISHED","createTime":"2023-05-31T05:19:46.647370Z","publisher":{"displayName":"Armjld"}}
[debug] [2023-06-01T01:18:47.999Z] >>> [apiv2][query] GET https://firebaseextensionspublisher.googleapis.com/v1beta/publishers/armjld/extensions/firebase-paymob-extension/versions/latest [none]
[debug] [2023-06-01T01:18:48.199Z] <<< [apiv2][status] GET https://firebaseextensionspublisher.googleapis.com/v1beta/publishers/armjld/extensions/firebase-paymob-extension/versions/latest 400
[debug] [2023-06-01T01:18:48.199Z] <<< [apiv2][body] GET https://firebaseextensionspublisher.googleapis.com/v1beta/publishers/armjld/extensions/firebase-paymob-extension/versions/latest {"error":{"code":400,"message":"ExtensionVersion name `publishers/armjld/extensions/firebase-paymob-extension` is invalid, must be of form `publishers/*/extensions/*/versions/*`","status":"INVALID_ARGUMENT"}}
[info] 
Extension: armjld/firebase-paymob-extension
State: Prerelease
Latest Version: -
Version in Extensions Hub: -
Source in GitHub: Local source

